mode: set
github.com/agrinman/kr/krd/lastcommand_darwin.go:11.45,14.16 3 1
github.com/agrinman/kr/krd/lastcommand_darwin.go:17.2,20.16 4 1
github.com/agrinman/kr/krd/lastcommand_darwin.go:24.2,26.63 3 1
github.com/agrinman/kr/krd/lastcommand_darwin.go:43.2,43.26 1 1
github.com/agrinman/kr/krd/lastcommand_darwin.go:48.2,48.22 1 1
github.com/agrinman/kr/krd/lastcommand_darwin.go:14.16,16.3 1 0
github.com/agrinman/kr/krd/lastcommand_darwin.go:20.16,23.3 2 0
github.com/agrinman/kr/krd/lastcommand_darwin.go:26.63,28.21 2 1
github.com/agrinman/kr/krd/lastcommand_darwin.go:31.3,32.17 2 1
github.com/agrinman/kr/krd/lastcommand_darwin.go:36.3,36.72 1 1
github.com/agrinman/kr/krd/lastcommand_darwin.go:28.21,29.12 1 1
github.com/agrinman/kr/krd/lastcommand_darwin.go:32.17,34.12 2 0
github.com/agrinman/kr/krd/lastcommand_darwin.go:36.72,40.4 3 1
github.com/agrinman/kr/krd/lastcommand_darwin.go:43.26,47.3 3 1
github.com/agrinman/kr/krd/timeouts.go:19.33,35.2 1 1
github.com/agrinman/kr/krd/bluetooth_darwin.go:15.60,17.16 2 1
github.com/agrinman/kr/krd/bluetooth_darwin.go:20.2,21.8 2 1
github.com/agrinman/kr/krd/bluetooth_darwin.go:17.16,19.3 1 0
github.com/agrinman/kr/krd/bluetooth_darwin.go:24.74,27.2 2 1
github.com/agrinman/kr/krd/bluetooth_darwin.go:28.77,31.2 2 1
github.com/agrinman/kr/krd/bluetooth_darwin.go:32.73,35.2 2 1
github.com/agrinman/kr/krd/bluetooth_darwin.go:36.59,39.2 2 1
github.com/agrinman/kr/krd/bluetooth_darwin.go:41.35,43.2 1 1
github.com/agrinman/kr/krd/bluetooth_darwin.go:45.42,47.2 1 0
github.com/agrinman/kr/krd/control_server.go:16.56,18.16 2 0
github.com/agrinman/kr/krd/control_server.go:21.2,29.8 2 0
github.com/agrinman/kr/krd/control_server.go:18.16,20.3 1 0
github.com/agrinman/kr/krd/control_server.go:32.79,39.2 6 0
github.com/agrinman/kr/krd/control_server.go:41.77,42.18 1 1
github.com/agrinman/kr/krd/control_server.go:43.2,45.9 2 1
github.com/agrinman/kr/krd/control_server.go:46.2,48.9 2 1
github.com/agrinman/kr/krd/control_server.go:49.2,50.28 1 1
github.com/agrinman/kr/krd/control_server.go:51.2,53.9 2 0
github.com/agrinman/kr/krd/control_server.go:57.83,61.2 3 1
github.com/agrinman/kr/krd/control_server.go:64.80,66.37 2 1
github.com/agrinman/kr/krd/control_server.go:66.37,68.17 2 1
github.com/agrinman/kr/krd/control_server.go:68.17,71.4 2 0
github.com/agrinman/kr/krd/control_server.go:72.3,74.17 2 1
github.com/agrinman/kr/krd/control_server.go:77.3,77.9 1 1
github.com/agrinman/kr/krd/control_server.go:74.17,76.4 1 1
github.com/agrinman/kr/krd/control_server.go:82.80,84.16 2 1
github.com/agrinman/kr/krd/control_server.go:90.2,91.16 2 1
github.com/agrinman/kr/krd/control_server.go:84.16,89.3 4 0
github.com/agrinman/kr/krd/control_server.go:91.16,94.3 2 0
github.com/agrinman/kr/krd/control_server.go:98.80,101.16 3 1
github.com/agrinman/kr/krd/control_server.go:106.2,106.37 1 1
github.com/agrinman/kr/krd/control_server.go:111.2,111.39 1 1
github.com/agrinman/kr/krd/control_server.go:116.2,118.30 2 1
github.com/agrinman/kr/krd/control_server.go:101.16,104.3 2 0
github.com/agrinman/kr/krd/control_server.go:106.37,109.3 2 1
github.com/agrinman/kr/krd/control_server.go:111.39,114.3 2 1
github.com/agrinman/kr/krd/control_server.go:121.92,124.21 3 1
github.com/agrinman/kr/krd/control_server.go:145.2,151.16 3 1
github.com/agrinman/kr/krd/control_server.go:124.21,126.3 1 1
github.com/agrinman/kr/krd/control_server.go:126.3,128.17 2 1
github.com/agrinman/kr/krd/control_server.go:138.3,138.24 1 0
github.com/agrinman/kr/krd/control_server.go:128.17,130.15 2 1
github.com/agrinman/kr/krd/control_server.go:136.4,136.10 1 1
github.com/agrinman/kr/krd/control_server.go:131.4,132.39 1 1
github.com/agrinman/kr/krd/control_server.go:133.4,134.50 1 0
github.com/agrinman/kr/krd/control_server.go:138.24,140.4 1 0
github.com/agrinman/kr/krd/control_server.go:140.4,143.4 2 0
github.com/agrinman/kr/krd/control_server.go:151.16,154.3 2 0
github.com/agrinman/kr/krd/control_server.go:157.94,158.47 1 1
github.com/agrinman/kr/krd/control_server.go:161.2,162.16 2 1
github.com/agrinman/kr/krd/control_server.go:172.2,172.25 1 1
github.com/agrinman/kr/krd/control_server.go:158.47,160.3 1 1
github.com/agrinman/kr/krd/control_server.go:162.16,164.14 2 1
github.com/agrinman/kr/krd/control_server.go:170.3,170.9 1 1
github.com/agrinman/kr/krd/control_server.go:165.3,166.38 1 1
github.com/agrinman/kr/krd/control_server.go:167.3,168.49 1 0
github.com/agrinman/kr/krd/control_server.go:172.25,178.17 3 1
github.com/agrinman/kr/krd/control_server.go:178.17,181.4 2 0
github.com/agrinman/kr/krd/control_server.go:182.3,184.3 1 0
github.com/agrinman/kr/krd/control_server.go:188.77,190.2 1 1
github.com/agrinman/kr/krd/enclave_client.go:28.39,30.2 1 1
github.com/agrinman/kr/krd/enclave_client.go:37.38,39.2 1 0
github.com/agrinman/kr/krd/enclave_client.go:46.38,48.2 1 0
github.com/agrinman/kr/krd/enclave_client.go:55.39,57.2 1 0
github.com/agrinman/kr/krd/enclave_client.go:86.78,91.16 4 1
github.com/agrinman/kr/krd/enclave_client.go:94.2,95.16 2 1
github.com/agrinman/kr/krd/enclave_client.go:99.2,101.8 2 1
github.com/agrinman/kr/krd/enclave_client.go:91.16,93.3 1 0
github.com/agrinman/kr/krd/enclave_client.go:95.16,97.3 1 0
github.com/agrinman/kr/krd/enclave_client.go:104.35,107.29 3 1
github.com/agrinman/kr/krd/enclave_client.go:110.2,110.8 1 1
github.com/agrinman/kr/krd/enclave_client.go:107.29,109.3 1 1
github.com/agrinman/kr/krd/enclave_client.go:113.42,115.15 2 1
github.com/agrinman/kr/krd/enclave_client.go:118.2,118.22 1 1
github.com/agrinman/kr/krd/enclave_client.go:115.15,117.3 1 1
github.com/agrinman/kr/krd/enclave_client.go:121.56,122.29 1 1
github.com/agrinman/kr/krd/enclave_client.go:125.2,129.16 4 1
github.com/agrinman/kr/krd/enclave_client.go:134.2,135.16 2 1
github.com/agrinman/kr/krd/enclave_client.go:141.2,145.27 4 1
github.com/agrinman/kr/krd/enclave_client.go:148.2,148.8 1 1
github.com/agrinman/kr/krd/enclave_client.go:122.29,124.3 1 0
github.com/agrinman/kr/krd/enclave_client.go:129.16,132.3 2 0
github.com/agrinman/kr/krd/enclave_client.go:135.16,138.3 2 0
github.com/agrinman/kr/krd/enclave_client.go:145.27,147.3 1 0
github.com/agrinman/kr/krd/enclave_client.go:151.102,152.72 1 1
github.com/agrinman/kr/krd/enclave_client.go:155.2,160.23 6 1
github.com/agrinman/kr/krd/enclave_client.go:176.2,176.8 1 1
github.com/agrinman/kr/krd/enclave_client.go:152.72,154.3 1 0
github.com/agrinman/kr/krd/enclave_client.go:160.23,161.10 1 1
github.com/agrinman/kr/krd/enclave_client.go:161.10,163.18 2 1
github.com/agrinman/kr/krd/enclave_client.go:167.4,169.18 3 1
github.com/agrinman/kr/krd/enclave_client.go:173.4,173.55 1 1
github.com/agrinman/kr/krd/enclave_client.go:163.18,166.5 2 0
github.com/agrinman/kr/krd/enclave_client.go:169.18,172.5 2 0
github.com/agrinman/kr/krd/enclave_client.go:179.89,180.18 1 1
github.com/agrinman/kr/krd/enclave_client.go:189.2,189.8 1 1
github.com/agrinman/kr/krd/enclave_client.go:180.18,182.21 2 1
github.com/agrinman/kr/krd/enclave_client.go:182.21,184.20 2 1
github.com/agrinman/kr/krd/enclave_client.go:184.20,186.5 1 0
github.com/agrinman/kr/krd/enclave_client.go:192.56,193.18 1 1
github.com/agrinman/kr/krd/enclave_client.go:208.2,208.8 1 1
github.com/agrinman/kr/krd/enclave_client.go:193.18,194.30 1 1
github.com/agrinman/kr/krd/enclave_client.go:194.30,196.22 2 1
github.com/agrinman/kr/krd/enclave_client.go:201.4,202.18 2 1
github.com/agrinman/kr/krd/enclave_client.go:196.22,200.5 3 0
github.com/agrinman/kr/krd/enclave_client.go:202.18,205.5 2 0
github.com/agrinman/kr/krd/enclave_client.go:210.45,213.29 3 1
github.com/agrinman/kr/krd/enclave_client.go:216.2,216.18 1 1
github.com/agrinman/kr/krd/enclave_client.go:219.2,219.8 1 1
github.com/agrinman/kr/krd/enclave_client.go:213.29,215.3 1 1
github.com/agrinman/kr/krd/enclave_client.go:216.18,218.3 1 1
github.com/agrinman/kr/krd/enclave_client.go:222.46,226.44 4 1
github.com/agrinman/kr/krd/enclave_client.go:232.2,232.68 1 1
github.com/agrinman/kr/krd/enclave_client.go:238.2,239.16 2 1
github.com/agrinman/kr/krd/enclave_client.go:258.2,259.8 2 1
github.com/agrinman/kr/krd/enclave_client.go:226.44,228.3 1 0
github.com/agrinman/kr/krd/enclave_client.go:228.3,230.3 1 1
github.com/agrinman/kr/krd/enclave_client.go:232.68,234.3 1 0
github.com/agrinman/kr/krd/enclave_client.go:234.3,236.3 1 1
github.com/agrinman/kr/krd/enclave_client.go:239.16,241.3 1 0
github.com/agrinman/kr/krd/enclave_client.go:241.3,243.13 2 1
github.com/agrinman/kr/krd/enclave_client.go:243.13,245.18 2 1
github.com/agrinman/kr/krd/enclave_client.go:249.4,249.37 1 1
github.com/agrinman/kr/krd/enclave_client.go:245.18,248.5 2 0
github.com/agrinman/kr/krd/enclave_client.go:249.37,251.19 2 0
github.com/agrinman/kr/krd/enclave_client.go:251.19,253.6 1 0
github.com/agrinman/kr/krd/enclave_client.go:262.79,267.2 4 1
github.com/agrinman/kr/krd/enclave_client.go:269.57,274.2 4 1
github.com/agrinman/kr/krd/enclave_client.go:276.98,278.15 2 1
github.com/agrinman/kr/krd/enclave_client.go:278.15,280.17 2 1
github.com/agrinman/kr/krd/enclave_client.go:280.17,282.4 1 0
github.com/agrinman/kr/krd/enclave_client.go:286.119,288.29 2 1
github.com/agrinman/kr/krd/enclave_client.go:291.2,297.3 1 1
github.com/agrinman/kr/krd/enclave_client.go:288.29,290.3 1 1
github.com/agrinman/kr/krd/enclave_client.go:300.97,302.16 2 1
github.com/agrinman/kr/krd/enclave_client.go:306.2,308.17 3 1
github.com/agrinman/kr/krd/enclave_client.go:311.2,312.16 2 1
github.com/agrinman/kr/krd/enclave_client.go:316.2,316.21 1 1
github.com/agrinman/kr/krd/enclave_client.go:329.2,329.8 1 1
github.com/agrinman/kr/krd/enclave_client.go:302.16,305.3 2 0
github.com/agrinman/kr/krd/enclave_client.go:308.17,310.3 1 1
github.com/agrinman/kr/krd/enclave_client.go:312.16,315.3 2 1
github.com/agrinman/kr/krd/enclave_client.go:316.21,319.24 3 1
github.com/agrinman/kr/krd/enclave_client.go:327.3,327.133 1 1
github.com/agrinman/kr/krd/enclave_client.go:319.24,322.79 3 1
github.com/agrinman/kr/krd/enclave_client.go:325.4,325.19 1 1
github.com/agrinman/kr/krd/enclave_client.go:322.79,324.5 1 0
github.com/agrinman/kr/krd/enclave_client.go:332.118,335.16 3 1
github.com/agrinman/kr/krd/enclave_client.go:339.2,342.15 4 1
github.com/agrinman/kr/krd/enclave_client.go:345.2,346.16 2 1
github.com/agrinman/kr/krd/enclave_client.go:356.2,356.21 1 1
github.com/agrinman/kr/krd/enclave_client.go:366.2,366.8 1 1
github.com/agrinman/kr/krd/enclave_client.go:335.16,338.3 2 0
github.com/agrinman/kr/krd/enclave_client.go:342.15,344.3 1 1
github.com/agrinman/kr/krd/enclave_client.go:346.16,347.24 1 1
github.com/agrinman/kr/krd/enclave_client.go:353.3,354.9 2 1
github.com/agrinman/kr/krd/enclave_client.go:347.24,349.4 1 1
github.com/agrinman/kr/krd/enclave_client.go:349.4,352.4 2 1
github.com/agrinman/kr/krd/enclave_client.go:356.21,362.32 6 1
github.com/agrinman/kr/krd/enclave_client.go:362.32,364.4 1 0
github.com/agrinman/kr/krd/enclave_client.go:369.56,371.16 2 1
github.com/agrinman/kr/krd/enclave_client.go:375.2,376.16 2 1
github.com/agrinman/kr/krd/enclave_client.go:380.2,381.15 2 1
github.com/agrinman/kr/krd/enclave_client.go:384.2,384.8 1 1
github.com/agrinman/kr/krd/enclave_client.go:371.16,374.3 2 0
github.com/agrinman/kr/krd/enclave_client.go:376.16,379.3 2 0
github.com/agrinman/kr/krd/enclave_client.go:381.15,383.3 1 1
github.com/agrinman/kr/krd/enclave_client.go:392.163,393.29 1 1
github.com/agrinman/kr/krd/enclave_client.go:396.2,398.26 3 1
github.com/agrinman/kr/krd/enclave_client.go:402.2,402.12 1 1
github.com/agrinman/kr/krd/enclave_client.go:408.2,410.9 3 1
github.com/agrinman/kr/krd/enclave_client.go:443.2,443.43 1 1
github.com/agrinman/kr/krd/enclave_client.go:446.2,446.8 1 1
github.com/agrinman/kr/krd/enclave_client.go:393.29,395.3 1 0
github.com/agrinman/kr/krd/enclave_client.go:398.26,401.3 2 1
github.com/agrinman/kr/krd/enclave_client.go:402.12,404.17 2 1
github.com/agrinman/kr/krd/enclave_client.go:404.17,406.4 1 0
github.com/agrinman/kr/krd/enclave_client.go:410.9,412.7 2 1
github.com/agrinman/kr/krd/enclave_client.go:412.7,413.11 1 1
github.com/agrinman/kr/krd/enclave_client.go:414.4,415.64 1 1
github.com/agrinman/kr/krd/enclave_client.go:421.5,421.11 1 1
github.com/agrinman/kr/krd/enclave_client.go:422.4,424.11 2 1
github.com/agrinman/kr/krd/enclave_client.go:425.4,426.12 1 1
github.com/agrinman/kr/krd/enclave_client.go:429.5,433.19 5 1
github.com/agrinman/kr/krd/enclave_client.go:437.5,437.18 1 1
github.com/agrinman/kr/krd/enclave_client.go:415.64,419.11 4 1
github.com/agrinman/kr/krd/enclave_client.go:426.12,427.11 1 1
github.com/agrinman/kr/krd/enclave_client.go:433.19,435.14 2 0
github.com/agrinman/kr/krd/enclave_client.go:437.18,439.6 1 1
github.com/agrinman/kr/krd/enclave_client.go:443.43,445.3 1 1
github.com/agrinman/kr/krd/enclave_client.go:451.169,453.16 2 1
github.com/agrinman/kr/krd/enclave_client.go:458.2,466.16 6 1
github.com/agrinman/kr/krd/enclave_client.go:476.2,476.49 1 1
github.com/agrinman/kr/krd/enclave_client.go:494.2,494.6 1 1
github.com/agrinman/kr/krd/enclave_client.go:511.2,512.77 2 1
github.com/agrinman/kr/krd/enclave_client.go:518.2,520.8 2 1
github.com/agrinman/kr/krd/enclave_client.go:453.16,456.3 2 0
github.com/agrinman/kr/krd/enclave_client.go:466.16,467.21 1 1
github.com/agrinman/kr/krd/enclave_client.go:468.3,470.13 2 1
github.com/agrinman/kr/krd/enclave_client.go:471.3,472.10 1 0
github.com/agrinman/kr/krd/enclave_client.go:476.49,478.17 2 1
github.com/agrinman/kr/krd/enclave_client.go:483.3,483.36 1 1
github.com/agrinman/kr/krd/enclave_client.go:491.3,491.9 1 1
github.com/agrinman/kr/krd/enclave_client.go:478.17,481.4 2 0
github.com/agrinman/kr/krd/enclave_client.go:483.36,485.19 2 1
github.com/agrinman/kr/krd/enclave_client.go:486.4,486.29 0 0
github.com/agrinman/kr/krd/enclave_client.go:487.4,488.18 1 1
github.com/agrinman/kr/krd/enclave_client.go:494.6,501.19 7 1
github.com/agrinman/kr/krd/enclave_client.go:504.3,504.77 1 1
github.com/agrinman/kr/krd/enclave_client.go:501.19,503.4 1 1
github.com/agrinman/kr/krd/enclave_client.go:504.77,505.18 1 1
github.com/agrinman/kr/krd/enclave_client.go:508.4,508.9 1 1
github.com/agrinman/kr/krd/enclave_client.go:505.18,507.5 1 1
github.com/agrinman/kr/krd/enclave_client.go:512.77,517.3 3 1
github.com/agrinman/kr/krd/enclave_client.go:523.93,525.26 2 1
github.com/agrinman/kr/krd/enclave_client.go:529.2,530.16 2 1
github.com/agrinman/kr/krd/enclave_client.go:534.2,534.18 1 1
github.com/agrinman/kr/krd/enclave_client.go:552.2,552.32 1 1
github.com/agrinman/kr/krd/enclave_client.go:555.2,556.16 2 1
github.com/agrinman/kr/krd/enclave_client.go:560.2,560.20 1 1
github.com/agrinman/kr/krd/enclave_client.go:563.2,565.16 3 1
github.com/agrinman/kr/krd/enclave_client.go:569.2,569.8 1 1
github.com/agrinman/kr/krd/enclave_client.go:525.26,528.3 2 1
github.com/agrinman/kr/krd/enclave_client.go:530.16,533.3 2 0
github.com/agrinman/kr/krd/enclave_client.go:534.18,541.28 6 1
github.com/agrinman/kr/krd/enclave_client.go:545.3,545.39 1 1
github.com/agrinman/kr/krd/enclave_client.go:541.28,543.4 1 0
github.com/agrinman/kr/krd/enclave_client.go:545.39,547.18 2 1
github.com/agrinman/kr/krd/enclave_client.go:547.18,549.5 1 0
github.com/agrinman/kr/krd/enclave_client.go:552.32,554.3 1 1
github.com/agrinman/kr/krd/enclave_client.go:556.16,559.3 2 0
github.com/agrinman/kr/krd/enclave_client.go:560.20,562.3 1 0
github.com/agrinman/kr/krd/enclave_client.go:565.16,568.3 2 0
github.com/agrinman/kr/krd/enclave_client.go:572.115,574.16 2 1
github.com/agrinman/kr/krd/enclave_client.go:587.2,587.12 1 1
github.com/agrinman/kr/krd/enclave_client.go:597.2,598.16 2 1
github.com/agrinman/kr/krd/enclave_client.go:602.2,602.8 1 1
github.com/agrinman/kr/krd/enclave_client.go:574.16,575.33 1 1
github.com/agrinman/kr/krd/enclave_client.go:585.3,585.9 1 1
github.com/agrinman/kr/krd/enclave_client.go:575.33,577.48 2 1
github.com/agrinman/kr/krd/enclave_client.go:580.4,581.26 2 1
github.com/agrinman/kr/krd/enclave_client.go:577.48,579.5 1 1
github.com/agrinman/kr/krd/enclave_client.go:582.4,584.4 1 0
github.com/agrinman/kr/krd/enclave_client.go:587.12,588.23 1 1
github.com/agrinman/kr/krd/enclave_client.go:591.3,592.17 2 1
github.com/agrinman/kr/krd/enclave_client.go:588.23,590.4 1 1
github.com/agrinman/kr/krd/enclave_client.go:592.17,594.4 1 0
github.com/agrinman/kr/krd/enclave_client.go:598.16,601.3 2 0
github.com/agrinman/kr/krd/enclave_client.go:605.118,608.16 3 1
github.com/agrinman/kr/krd/enclave_client.go:611.2,614.36 3 1
github.com/agrinman/kr/krd/enclave_client.go:628.2,628.77 1 1
github.com/agrinman/kr/krd/enclave_client.go:645.2,645.85 1 1
github.com/agrinman/kr/krd/enclave_client.go:654.2,654.33 1 1
github.com/agrinman/kr/krd/enclave_client.go:659.2,659.8 1 1
github.com/agrinman/kr/krd/enclave_client.go:608.16,610.3 1 0
github.com/agrinman/kr/krd/enclave_client.go:614.36,618.90 3 1
github.com/agrinman/kr/krd/enclave_client.go:621.3,621.52 1 1
github.com/agrinman/kr/krd/enclave_client.go:624.3,625.9 2 1
github.com/agrinman/kr/krd/enclave_client.go:618.90,620.4 1 1
github.com/agrinman/kr/krd/enclave_client.go:621.52,623.4 1 1
github.com/agrinman/kr/krd/enclave_client.go:628.77,629.37 1 1
github.com/agrinman/kr/krd/enclave_client.go:633.3,633.67 1 1
github.com/agrinman/kr/krd/enclave_client.go:638.3,639.87 2 1
github.com/agrinman/kr/krd/enclave_client.go:629.37,632.4 2 0
github.com/agrinman/kr/krd/enclave_client.go:633.67,636.4 2 0
github.com/agrinman/kr/krd/enclave_client.go:639.87,642.4 2 0
github.com/agrinman/kr/krd/enclave_client.go:645.85,651.3 2 1
github.com/agrinman/kr/krd/enclave_client.go:651.3,653.3 1 0
github.com/agrinman/kr/krd/enclave_client.go:654.33,656.3 1 1
github.com/agrinman/kr/krd/enclave_client.go:656.3,658.3 1 1
github.com/agrinman/kr/krd/krd.go:14.13,17.16 3 0
github.com/agrinman/kr/krd/krd.go:20.2,23.16 3 0
github.com/agrinman/kr/krd/krd.go:26.2,26.12 1 0
github.com/agrinman/kr/krd/krd.go:34.2,40.8 6 0
github.com/agrinman/kr/krd/krd.go:17.16,19.3 1 0
github.com/agrinman/kr/krd/krd.go:23.16,25.3 1 0
github.com/agrinman/kr/krd/krd.go:26.12,29.17 3 0
github.com/agrinman/kr/krd/krd.go:29.17,31.4 1 0
github.com/agrinman/kr/krd/krd.go:40.8,42.3 1 0
